============================================================
Time  2021/03/17 21:55:39 215 
============================================================
[2021/03/17 21:55:39 215] isr        1315 isr loaded!  
[2021/03/17 21:55:39 215] isr        1298 SYS_MSG_REGCB param0 =   msp_status_cb  param1 =   func(7501a988) 
[2021/03/17 21:55:39 216] isr        1203 ASR_MSG_SSB  
[2021/03/17 21:55:39 216] isr        853  session_begin() [in], params:   sub = iat, domain = iat, language = zh_ch, accent = mandarin, sample_rate = 16000, result_type = plain, result_encoding = utf8  nil  
[2021/03/17 21:55:39 216] isr        894  use cloud_grammar in params!  nil  
[2021/03/17 21:55:39 216] isr        716  vad_set [in]  
[2021/03/17 21:55:39 217] isr        751  vad_enable :  true  
[2021/03/17 21:55:39 217] isr        768  vad_timeout :  10000  
[2021/03/17 21:55:39 217] isr        769  vad_speech_tail :  2000  
[2021/03/17 21:55:39 217] isr        675  enable_vad [in]  
[2021/03/17 21:55:39 219] isr        707  vad enabled!  2000  10000  
[2021/03/17 21:55:39 219] isr        710  enable_vad [out]  
[2021/03/17 21:55:39 219] isr        775  vad_set [out] | ret =  0  
[2021/03/17 21:55:39 219] isr        935  cur_engine_type =   cloud  
[2021/03/17 21:55:39 219] isr        795  cloud_session_begin  
[2021/03/17 21:55:39 219] isr        807  standard  
[2021/03/17 21:55:39 224] isr        1213 ASR_MSG_AUW,   cloud  
[2021/03/17 21:55:39 224] isr        1224 6400  1  
[2021/03/17 21:55:39 224] isr        1228 once_bytes:   6400  
[2021/03/17 21:55:39 231] isr        623  [aud] speech start  
[2021/03/17 21:55:37 530] isr        1213 ASR_MSG_AUW,   cloud  
[2021/03/17 21:55:37 530] isr        1224 6400  2  
[2021/03/17 21:55:37 695] isr        511  cloud_status_cb, eps:  1  
[2021/03/17 21:55:37 730] isr        1213 ASR_MSG_AUW,   cloud  
[2021/03/17 21:55:37 730] isr        1224 6400  2  
[2021/03/17 21:55:37 931] isr        1213 ASR_MSG_AUW,   cloud  
[2021/03/17 21:55:37 931] isr        1224 6400  2  
[2021/03/17 21:55:38 133] isr        1213 ASR_MSG_AUW,   cloud  
[2021/03/17 21:55:38 133] isr        1224 6400  2  
[2021/03/17 21:55:38 334] isr        1213 ASR_MSG_AUW,   cloud  
[2021/03/17 21:55:38 334] isr        1224 6400  2  
[2021/03/17 21:55:38 535] isr        1213 ASR_MSG_AUW,   cloud  
[2021/03/17 21:55:38 535] isr        1224 6400  2  
[2021/03/17 21:55:38 735] isr        1213 ASR_MSG_AUW,   cloud  
[2021/03/17 21:55:38 735] isr        1224 6400  2  
[2021/03/17 21:55:38 936] isr        1213 ASR_MSG_AUW,   cloud  
[2021/03/17 21:55:38 936] isr        1224 6400  2  
[2021/03/17 21:55:39 136] isr        1213 ASR_MSG_AUW,   cloud  
[2021/03/17 21:55:39 136] isr        1224 6400  2  
[2021/03/17 21:55:39 338] isr        1213 ASR_MSG_AUW,   cloud  
[2021/03/17 21:55:39 338] isr        1224 6400  2  
[2021/03/17 21:55:39 538] isr        1213 ASR_MSG_AUW,   cloud  
[2021/03/17 21:55:39 538] isr        1224 6400  2  
[2021/03/17 21:55:39 739] isr        1213 ASR_MSG_AUW,   cloud  
[2021/03/17 21:55:39 739] isr        1224 6400  2  
[2021/03/17 21:55:39 939] isr        1213 ASR_MSG_AUW,   cloud  
[2021/03/17 21:55:39 939] isr        1224 6400  2  
[2021/03/17 21:55:40 140] isr        1213 ASR_MSG_AUW,   cloud  
[2021/03/17 21:55:40 141] isr        1224 6400  2  
[2021/03/17 21:55:40 342] isr        1213 ASR_MSG_AUW,   cloud  
[2021/03/17 21:55:40 342] isr        1224 6400  2  
[2021/03/17 21:55:40 542] isr        1213 ASR_MSG_AUW,   cloud  
[2021/03/17 21:55:40 542] isr        1224 6400  2  
[2021/03/17 21:55:40 743] isr        1213 ASR_MSG_AUW,   cloud  
[2021/03/17 21:55:40 743] isr        1224 6400  2  
[2021/03/17 21:55:40 943] isr        1213 ASR_MSG_AUW,   cloud  
[2021/03/17 21:55:40 944] isr        1224 6400  2  
[2021/03/17 21:55:41 145] isr        1213 ASR_MSG_AUW,   cloud  
[2021/03/17 21:55:41 145] isr        1224 6400  2  
[2021/03/17 21:55:41 345] isr        1213 ASR_MSG_AUW,   cloud  
[2021/03/17 21:55:41 346] isr        1224 6400  2  
[2021/03/17 21:55:41 547] isr        1213 ASR_MSG_AUW,   cloud  
[2021/03/17 21:55:41 547] isr        1224 6400  2  
[2021/03/17 21:55:41 621] isr        506  cloud_status_cb, rcs:  0  
[2021/03/17 21:55:41 621] isr        462  cloud_rslt_cb status =   0  
[2021/03/17 21:55:41 622] isr        339  process_result call:  cloud  udata(75027598) 0  nil  
[2021/03/17 21:55:41 747] isr        1213 ASR_MSG_AUW,   cloud  
[2021/03/17 21:55:41 747] isr        1224 7420  2  
[2021/03/17 21:55:41 748] isr        1292 ASR_MSG_GRSLT,   cloud  
[2021/03/17 21:55:41 748] isr        1049 0  udata(75027598) 0  
[2021/03/17 21:55:41 950] isr        1213 ASR_MSG_AUW,   cloud  
[2021/03/17 21:55:41 950] isr        1224 0  4  
[2021/03/17 21:55:41 950] isr        1257 aud end, USER  
[2021/03/17 21:55:41 951] isr        1292 ASR_MSG_GRSLT,   cloud  
[2021/03/17 21:55:41 951] isr        1049 0  nil  2  
[2021/03/17 21:55:41 953] isr        633  [aud] speech end  
[2021/03/17 21:55:42 036] isr        462  cloud_rslt_cb status =   5  
[2021/03/17 21:55:42 036] isr        339  process_result call:  cloud  udata(75025c98) 5  nil  
[2021/03/17 21:55:42 103] isr        1292 ASR_MSG_GRSLT,   cloud  
[2021/03/17 21:55:42 104] isr        1049 0  udata(75025c98) 5  
[2021/03/17 21:55:42 256] isr        1295 ASR_MSG_SSE,   cloud  
[2021/03/17 21:55:42 256] isr        1054 session_end() [in]  
[2021/03/17 21:55:42 256] isr        1111 cloud_session_end() [in]  
[2021/03/17 21:55:42 262] isr        1180 cloud_session_end() [out]  
[2021/03/17 21:55:42 269] isr        1323 isr unload!  
